[2024-03-15 06:00:01] INFO Server gestartet (Version 3.2.1)
[2024-03-15 06:00:03] INFO Datenbank-Verbindung aufgebaut (Host: db-prod-01)
[2024-03-15 06:00:05] INFO Konfigurationsdatei geladen: /etc/app/config.yml
[2024-03-15 06:00:07] DEBUG Thread-Pool initialisiert (Threads: 16)
[2024-03-15 06:01:12] INFO Benutzer 'admin' hat sich angemeldet
[2024-03-15 06:02:30] DEBUG HTTP-Request: GET /api/status 200 OK (12ms)
[2024-03-15 06:03:44] INFO Backup-Job gestartet
[2024-03-15 06:04:55] ERROR Verbindung zu Cache-Server redis-01 fehlgeschlagen
[2024-03-15 06:05:01] WARNING Cache nicht verfügbar – Fallback auf Datenbankabfragen
[2024-03-15 06:05:12] DEBUG HTTP-Request: GET /api/users 200 OK (45ms)
[2024-03-15 06:06:00] INFO Cron-Job 'cleanup_sessions' ausgeführt (Dauer: 0.3s)
[2024-03-15 06:07:22] ERROR Timeout beim Schreiben in Datei /var/log/app/audit.log
[2024-03-15 06:07:23] WARNING Audit-Logging temporär deaktiviert
[2024-03-15 06:08:10] DEBUG HTTP-Request: POST /api/login 200 OK (88ms)
[2024-03-15 06:09:15] INFO Benutzer 'max.mustermann' hat sich angemeldet
[2024-03-15 06:10:00] INFO Tägliche Statistiken berechnet
[2024-03-15 06:10:45] DEBUG Speichernutzung: 512 MB / 2048 MB (25%)
[2024-03-15 06:11:30] ERROR SSL-Zertifikat für api.extern.de läuft in 3 Tagen ab
[2024-03-15 06:12:00] WARNING Hohe CPU-Auslastung: 87%
[2024-03-15 06:12:11] DEBUG HTTP-Request: GET /api/reports 200 OK (210ms)
[2024-03-15 06:13:00] INFO Neue Konfiguration geladen (ohne Neustart)
[2024-03-15 06:14:22] ERROR Datenbankabfrage fehlgeschlagen: Tabelle 'sessions' nicht erreichbar
[2024-03-15 06:14:23] ERROR Rollback der Transaktion durchgeführt
[2024-03-15 06:15:00] INFO Datenbank-Verbindung wiederhergestellt
[2024-03-15 06:15:30] DEBUG HTTP-Request: DELETE /api/session/4471 200 OK (33ms)
[2024-03-15 06:16:00] INFO Benutzer 'julia.weber' hat sich abgemeldet
[2024-03-15 06:17:45] DEBUG Thread-Pool: 14/16 Threads aktiv
[2024-03-15 06:18:00] INFO E-Mail-Benachrichtigungen versendet (Anzahl: 24)
[2024-03-15 06:19:10] ERROR Ungültige API-Anfrage von IP 192.168.1.105: fehlende Authentifizierung
[2024-03-15 06:20:00] WARNING Rate-Limit für IP 192.168.1.105 aktiviert
[2024-03-15 06:21:00] DEBUG HTTP-Request: GET /api/products 200 OK (56ms)
[2024-03-15 06:22:15] INFO Produktkatalog aktualisiert (847 Einträge)
[2024-03-15 06:23:00] DEBUG Garbage-Collection ausgeführt (freigegeben: 128 MB)
[2024-03-15 06:24:30] ERROR Fehler beim Laden des Plugins 'payment-gateway': Modul nicht gefunden
[2024-03-15 06:25:00] WARNING Plugin 'payment-gateway' wird übersprungen
[2024-03-15 06:26:00] INFO Backup-Job abgeschlossen (Größe: 1.2 GB)
[2024-03-15 06:27:12] DEBUG HTTP-Request: POST /api/orders 201 Created (134ms)
[2024-03-15 06:28:00] INFO Neue Bestellung #10042 eingegangen
[2024-03-15 06:29:44] ERROR Zahlungsdienstleister antwortet nicht (Timeout: 30s)
[2024-03-15 06:30:00] WARNING Bestellung #10042 in Warteschlange verschoben
[2024-03-15 06:31:00] DEBUG HTTP-Request: GET /api/health 200 OK (4ms)
[2024-03-15 06:32:00] INFO Health-Check bestanden
[2024-03-15 06:33:22] ERROR Speicherplatz auf /var/data unter 10%: noch 4.2 GB frei
[2024-03-15 06:34:00] WARNING Automatische Bereinigung alter Log-Dateien gestartet
[2024-03-15 06:35:00] INFO Log-Bereinigung abgeschlossen (freigegeben: 12 GB)
[2024-03-15 06:36:00] DEBUG HTTP-Request: PUT /api/users/88 200 OK (71ms)
[2024-03-15 06:37:00] INFO Benutzerprofil für ID 88 aktualisiert
[2024-03-15 06:38:15] ERROR LDAP-Verbindung unterbrochen: Authentifizierungsserver nicht erreichbar
[2024-03-15 06:39:00] WARNING Fallback auf lokale Benutzerdatenbank aktiv
[2024-03-15 06:40:00] DEBUG HTTP-Request: GET /api/config 403 Forbidden (9ms)
[2024-03-15 06:41:00] INFO Cron-Job 'send_reports' ausgeführt (Dauer: 1.1s)
[2024-03-15 06:42:00] DEBUG Datenbankverbindungspool: 8/20 aktive Verbindungen
[2024-03-15 06:43:30] ERROR NullPointerException in Modul order_processor.py Zeile 214
[2024-03-15 06:43:31] ERROR Stack Trace gespeichert unter /var/log/app/crash_20240315_064331.log
[2024-03-15 06:44:00] WARNING Modul order_processor.py neu gestartet
[2024-03-15 06:45:00] INFO Dienst vollständig wiederhergestellt
[2024-03-15 06:46:12] DEBUG HTTP-Request: GET /api/inventory 200 OK (88ms)
[2024-03-15 06:47:00] INFO Inventarbericht erstellt
[2024-03-15 06:48:00] DEBUG Speichernutzung: 698 MB / 2048 MB (34%)
[2024-03-15 06:49:22] ERROR Konfigurationsdatei /etc/app/secrets.yml nicht lesbar: Zugriff verweigert
[2024-03-15 06:50:00] WARNING Standardwerte für Konfigurationsparameter verwendet
[2024-03-15 06:51:00] DEBUG HTTP-Request: POST /api/upload 413 Payload Too Large (22ms)
[2024-03-15 06:52:00] INFO Upload-Limit auf 50 MB gesetzt
[2024-03-15 06:53:15] ERROR Authentifizierungstoken abgelaufen für Benutzer 'service_account_02'
[2024-03-15 06:54:00] INFO Token für 'service_account_02' erneuert
[2024-03-15 06:55:00] DEBUG HTTP-Request: GET /api/metrics 200 OK (17ms)
[2024-03-15 06:56:00] INFO Metriken an Monitoring-System übertragen
[2024-03-15 06:57:30] ERROR Verbindung zur Message Queue (rabbitmq-01) verloren
[2024-03-15 06:58:00] WARNING Nachrichtenverarbeitung pausiert
[2024-03-15 06:59:15] INFO Verbindung zur Message Queue wiederhergestellt
[2024-03-15 07:00:00] INFO Stündlicher Statusbericht erstellt
[2024-03-15 07:01:00] DEBUG Thread-Pool: 11/16 Threads aktiv
[2024-03-15 07:02:22] ERROR HTTP 500: Interner Serverfehler bei /api/checkout – Anfrage-ID 9f3a21c
[2024-03-15 07:03:00] WARNING Fehlerrate in letzter Minute: 4.2% (Schwellwert: 3%)
[2024-03-15 07:04:00] DEBUG HTTP-Request: GET /api/users/12 200 OK (29ms)
[2024-03-15 07:05:00] INFO Cron-Job 'archive_orders' gestartet
[2024-03-15 07:06:45] ERROR Archivierungsjob abgebrochen: Schreibfehler auf NFS-Share /mnt/archive
[2024-03-15 07:07:00] WARNING NFS-Share nicht erreichbar – Netzwerkabteilung informiert
[2024-03-15 07:08:00] DEBUG Datenbankverbindungspool: 12/20 aktive Verbindungen
[2024-03-15 07:09:00] INFO Benutzer 'anna.schmidt' hat sich angemeldet
[2024-03-15 07:10:00] DEBUG HTTP-Request: PATCH /api/orders/10042 200 OK (44ms)
[2024-03-15 07:11:00] INFO Bestellung #10042 erfolgreich verarbeitet
[2024-03-15 07:12:30] ERROR Ungültige Datenbankverbindungszeichenfolge in Umgebungsvariable DB_URL
[2024-03-15 07:13:00] ERROR Dienst konnte nicht auf Replikations-DB wechseln
[2024-03-15 07:14:00] INFO Primäre Datenbankverbindung weiterhin aktiv
[2024-03-15 07:15:00] DEBUG HTTP-Request: GET /api/status 200 OK (6ms)
[2024-03-15 07:16:22] WARNING Reaktionszeit der API über 500ms: /api/search (712ms)
[2024-03-15 07:17:00] INFO Suchdienst-Cache geleert und neu aufgebaut
[2024-03-15 07:18:00] DEBUG Speichernutzung: 754 MB / 2048 MB (37%)
[2024-03-15 07:19:15] ERROR Unbekannte Exception in scheduler.py – Job 'daily_report' übersprungen
[2024-03-15 07:20:00] WARNING Tagesbericht wird beim nächsten Lauf nachgeholt
[2024-03-15 07:21:00] DEBUG HTTP-Request: GET /api/logs 200 OK (93ms)
[2024-03-15 07:22:00] INFO Log-Viewer-Anfrage von Benutzer 'admin' verarbeitet
[2024-03-15 07:23:30] ERROR Fehlgeschlagener Login-Versuch (5. Versuch) für Benutzer 'root' von IP 10.0.0.99
[2024-03-15 07:24:00] WARNING Konto 'root' für 15 Minuten gesperrt
[2024-03-15 07:25:00] INFO Sicherheitsereignis protokolliert und Alarm ausgelöst
[2024-03-15 07:26:00] DEBUG Thread-Pool: 16/16 Threads aktiv (Auslastung: 100%)
[2024-03-15 07:27:00] WARNING Thread-Pool ausgelastet – neue Anfragen werden verzögert
[2024-03-15 07:28:15] ERROR Anfrage-Queue voll (1000/1000) – Anfragen werden abgewiesen
[2024-03-15 07:29:00] INFO Lastspitze überwunden – Thread-Pool normalisiert
[2024-03-15 07:30:00] INFO Stündlicher Statusbericht erstellt
